[0.015s] Invoking command in '/home/server/dev_ws/build/my_bot': CMAKE_PREFIX_PATH=${CMAKE_PREFIX_PATH}:/opt/ros/humble /usr/bin/cmake /home/server/dev_ws/src/my_bot -DAMENT_CMAKE_SYMLINK_INSTALL=1 -DCMAKE_INSTALL_PREFIX=/home/server/dev_ws/install/my_bot
[0.027s] -- Found ament_cmake: 1.3.5 (/opt/ros/humble/share/ament_cmake/cmake)
[0.161s] -- Override CMake install command with custom implementation using symlinks instead of copying resources
[0.171s] -- Found urdf: 2.6.0 (/opt/ros/humble/share/urdf/cmake)
[0.203s] -- Found ament_lint_auto: 0.12.7 (/opt/ros/humble/share/ament_lint_auto/cmake)
[0.272s] -- Added test 'copyright' to check source files copyright and LICENSE
[0.275s] -- Added test 'flake8' to check Python code syntax and style conventions
[0.276s] -- Added test 'lint_cmake' to check CMake code style
[0.276s] -- Added test 'pep257' to check Python code against some of the docstring style conventions in PEP 257
[0.278s] -- Added test 'xmllint' to check XML markup files
[0.280s] -- Configuring done
[0.284s] -- Generating done
[0.285s] -- Build files have been written to: /home/server/dev_ws/build/my_bot
[0.290s] Invoked command in '/home/server/dev_ws/build/my_bot' returned '0': CMAKE_PREFIX_PATH=${CMAKE_PREFIX_PATH}:/opt/ros/humble /usr/bin/cmake /home/server/dev_ws/src/my_bot -DAMENT_CMAKE_SYMLINK_INSTALL=1 -DCMAKE_INSTALL_PREFIX=/home/server/dev_ws/install/my_bot
[0.292s] Invoking command in '/home/server/dev_ws/build/my_bot': CMAKE_PREFIX_PATH=${CMAKE_PREFIX_PATH}:/opt/ros/humble /usr/bin/cmake --build /home/server/dev_ws/build/my_bot -- -j8 -l8
[0.327s] Invoked command in '/home/server/dev_ws/build/my_bot' returned '0': CMAKE_PREFIX_PATH=${CMAKE_PREFIX_PATH}:/opt/ros/humble /usr/bin/cmake --build /home/server/dev_ws/build/my_bot -- -j8 -l8
[0.356s] Invoking command in '/home/server/dev_ws/build/my_bot': CMAKE_PREFIX_PATH=${CMAKE_PREFIX_PATH}:/opt/ros/humble /usr/bin/cmake --install /home/server/dev_ws/build/my_bot
[0.363s] -- Install configuration: ""
[0.364s] -- Execute custom install script
[0.364s] -- Symlinking: /home/server/dev_ws/install/my_bot/share/my_bot/config/drive.rviz
[0.372s] -- Symlinking: /home/server/dev_ws/install/my_bot/share/my_bot/config/gazebo_params.yaml
[0.380s] -- Symlinking: /home/server/dev_ws/install/my_bot/share/my_bot/config/main.rviz
[0.389s] -- Symlinking: /home/server/dev_ws/install/my_bot/share/my_bot/config/my_controllers.yaml
[0.397s] -- Symlinking: /home/server/dev_ws/install/my_bot/share/my_bot/config/xe.rviz
[0.405s] -- Symlinking: /home/server/dev_ws/install/my_bot/share/my_bot/description/camera.xacro
[0.413s] -- Symlinking: /home/server/dev_ws/install/my_bot/share/my_bot/description/gazebo_control.xacro
[0.421s] -- Symlinking: /home/server/dev_ws/install/my_bot/share/my_bot/description/inertial_macros.xacro
[0.431s] -- Symlinking: /home/server/dev_ws/install/my_bot/share/my_bot/description/robot.urdf.xacro
[0.443s] -- Symlinking: /home/server/dev_ws/install/my_bot/share/my_bot/description/robot_core.xacro
[0.455s] -- Symlinking: /home/server/dev_ws/install/my_bot/share/my_bot/description/ros2_control.xacro
[0.469s] -- Symlinking: /home/server/dev_ws/install/my_bot/share/my_bot/launch/description_launch.py
[0.481s] -- Symlinking: /home/server/dev_ws/install/my_bot/share/my_bot/launch/display.launch.py
[0.492s] -- Symlinking: /home/server/dev_ws/install/my_bot/share/my_bot/launch/launch_mp.launch.py
[0.501s] -- Symlinking: /home/server/dev_ws/install/my_bot/share/my_bot/launch/rsp.launch.py
[0.511s] -- Symlinking: /home/server/dev_ws/install/my_bot/share/my_bot/worlds/empty.world
[0.520s] -- Symlinking: /home/server/dev_ws/install/my_bot/share/my_bot/worlds/mp.world
[0.528s] -- Symlinking: /home/server/dev_ws/install/my_bot/share/my_bot/urdf/camera.xacro
[0.537s] -- Symlinking: /home/server/dev_ws/install/my_bot/share/my_bot/urdf/gazebo_control.xacro
[0.547s] -- Symlinking: /home/server/dev_ws/install/my_bot/share/my_bot/urdf/inertial_macros.xacro
[0.556s] -- Symlinking: /home/server/dev_ws/install/my_bot/share/my_bot/urdf/robot.urdf.xacro
[0.564s] -- Symlinking: /home/server/dev_ws/install/my_bot/share/my_bot/urdf/robot_core.xacro
[0.573s] -- Symlinking: /home/server/dev_ws/install/my_bot/share/my_bot/urdf/ros2_control.xacro
[0.581s] -- Symlinking: /home/server/dev_ws/install/my_bot/share/ament_index/resource_index/package_run_dependencies/my_bot
[0.590s] -- Symlinking: /home/server/dev_ws/install/my_bot/share/ament_index/resource_index/parent_prefix_path/my_bot
[0.599s] -- Symlinking: /home/server/dev_ws/install/my_bot/share/my_bot/environment/ament_prefix_path.sh
[0.607s] -- Symlinking: /home/server/dev_ws/install/my_bot/share/my_bot/environment/ament_prefix_path.dsv
[0.616s] -- Symlinking: /home/server/dev_ws/install/my_bot/share/my_bot/environment/path.sh
[0.624s] -- Symlinking: /home/server/dev_ws/install/my_bot/share/my_bot/environment/path.dsv
[0.633s] -- Symlinking: /home/server/dev_ws/install/my_bot/share/my_bot/local_setup.bash
[0.641s] -- Symlinking: /home/server/dev_ws/install/my_bot/share/my_bot/local_setup.sh
[0.649s] -- Symlinking: /home/server/dev_ws/install/my_bot/share/my_bot/local_setup.zsh
[0.657s] -- Symlinking: /home/server/dev_ws/install/my_bot/share/my_bot/local_setup.dsv
[0.665s] -- Symlinking: /home/server/dev_ws/install/my_bot/share/my_bot/package.dsv
[0.674s] -- Symlinking: /home/server/dev_ws/install/my_bot/share/ament_index/resource_index/packages/my_bot
[0.682s] -- Symlinking: /home/server/dev_ws/install/my_bot/share/my_bot/cmake/my_botConfig.cmake
[0.690s] -- Symlinking: /home/server/dev_ws/install/my_bot/share/my_bot/cmake/my_botConfig-version.cmake
[0.698s] -- Symlinking: /home/server/dev_ws/install/my_bot/share/my_bot/package.xml
[0.708s] Invoked command in '/home/server/dev_ws/build/my_bot' returned '0': CMAKE_PREFIX_PATH=${CMAKE_PREFIX_PATH}:/opt/ros/humble /usr/bin/cmake --install /home/server/dev_ws/build/my_bot
